<?xml version="1.0" encoding="UTF-8"?>
<!-- Generated by org.testng.reporters.JUnitReportReporter -->
<testsuite hostname="DESKTOP-4K2IFQ7" failures="0" tests="1" name="com.product.api.ProductAPITest" time="4.011" errors="0" timestamp="2024-02-13T18:51:39 IST" skipped="0">
  <testcase classname="com.product.api.ProductAPITest" name="productTest_WithLombokAPITest" time="4.011"/>
</testsuite> <!-- com.product.api.ProductAPITest -->
