<?xml version="1.0" encoding="UTF-8"?>
<!-- Generated by org.testng.reporters.JUnitReportReporter -->
<testsuite hostname="DESKTOP-4K2IFQ7" failures="0" tests="1" name="org.api.mockingapi.MockGETAPITest" time="3.114" errors="0" timestamp="2024-02-19T19:11:43 IST" skipped="0">
  <testcase classname="org.api.mockingapi.MockGETAPITest" name="getUser" time="3.114"/>
</testsuite> <!-- org.api.mockingapi.MockGETAPITest -->
