<?xml version="1.0" encoding="UTF-8"?>
<!-- Generated by org.testng.reporters.JUnitReportReporter -->
<testsuite hostname="DESKTOP-4K2IFQ7" failures="0" tests="1" name="com.product.user.CreateUserAPITest" time="5.904" errors="0" timestamp="2024-02-14T18:20:34 IST" skipped="0">
  <testcase classname="com.product.user.CreateUserAPITest" name="createUser" time="5.904"/>
</testsuite> <!-- com.product.user.CreateUserAPITest -->
