<?xml version="1.0" encoding="UTF-8"?>
<!-- Generated by org.testng.reporters.JUnitReportReporter -->
<testsuite hostname="DESKTOP-4K2IFQ7" failures="0" tests="1" name="GETAPICalls.GetAllProductsUsingBDD" time="4.560" errors="0" timestamp="2024-02-05T18:20:49 IST" skipped="0">
  <testcase classname="GETAPICalls.GetAllProductsUsingBDD" name="getProductData_With_Extract_Body_WithJsonObject" time="4.560"/>
</testsuite> <!-- GETAPICalls.GetAllProductsUsingBDD -->
