<?xml version="1.0" encoding="UTF-8"?>
<!-- Generated by org.testng.reporters.JUnitReportReporter -->
<testsuite hostname="DESKTOP-4K2IFQ7" failures="0" tests="1" name="specificationbuilder.RequestSpecificationTest" time="3.762" errors="0" timestamp="2024-02-05T18:47:30 IST" skipped="0">
  <testcase classname="specificationbuilder.RequestSpecificationTest" name="user_req_get_withqueryparam" time="3.762"/>
</testsuite> <!-- specificationbuilder.RequestSpecificationTest -->
