<?xml version="1.0" encoding="UTF-8"?>
<!-- Generated by org.testng.reporters.JUnitReportReporter -->
<testsuite hostname="DESKTOP-4K2IFQ7" failures="0" tests="1" name="GETAPICalls.GetAllProductsUsingNonBDD" time="4.674" errors="0" timestamp="2024-02-03T16:22:45 IST" skipped="0">
  <testcase classname="GETAPICalls.GetAllProductsUsingNonBDD" name="getAllProductsUsingQueryParams" time="4.674"/>
</testsuite> <!-- GETAPICalls.GetAllProductsUsingNonBDD -->
