<?xml version="1.0" encoding="UTF-8"?>
<!-- Generated by org.testng.reporters.JUnitReportReporter -->
<testsuite hostname="DESKTOP-4K2IFQ7" failures="0" tests="1" name="multibody.BodyAPITest" time="3.172" errors="0" timestamp="2024-02-18T11:07:27 IST" skipped="0">
  <testcase classname="multibody.BodyAPITest" name="bodyWithURLEncodedDataTest" time="3.172"/>
</testsuite> <!-- multibody.BodyAPITest -->
