<?xml version="1.0" encoding="UTF-8"?>
<!-- Generated by org.testng.reporters.JUnitReportReporter -->
<testsuite hostname="DESKTOP-4K2IFQ7" failures="0" tests="1" name="GETAPICalls.GetAllProductsUsingPathParams" time="4.004" errors="0" timestamp="2024-02-04T15:52:08 IST" skipped="0">
  <testcase classname="GETAPICalls.GetAllProductsUsingPathParams" name="getAllProductsAndCollectingCircuits" time="4.004"/>
</testsuite> <!-- GETAPICalls.GetAllProductsUsingPathParams -->
