<?xml version="1.0" encoding="UTF-8"?>
<!-- Generated by org.testng.reporters.JUnitReportReporter -->
<testsuite hostname="DESKTOP-4K2IFQ7" failures="0" tests="1" name="POSTAPICalls.BookingAuthTest" time="5.960" errors="0" timestamp="2024-02-06T10:47:58 IST" skipped="0">
  <testcase classname="POSTAPICalls.BookingAuthTest" name="post_req_BookingAuthTokenTest_WithJSONFile" time="5.960"/>
</testsuite> <!-- POSTAPICalls.BookingAuthTest -->
