<?xml version="1.0" encoding="UTF-8"?>
<!-- Generated by org.testng.reporters.JUnitReportReporter -->
<testsuite hostname="DESKTOP-4K2IFQ7" failures="0" tests="1" name="com.product.api.ProductAPITest" time="3.752" errors="0" timestamp="2024-02-12T19:32:25 IST" skipped="0">
  <testcase classname="com.product.api.ProductAPITest" name="productTest" time="3.752"/>
</testsuite> <!-- com.product.api.ProductAPITest -->
