<?xml version="1.0" encoding="UTF-8"?>
<!-- Generated by org.testng.reporters.JUnitReportReporter -->
<testsuite hostname="DESKTOP-4K2IFQ7" failures="0" tests="1" name="schemavalidation.SchemaValidation" time="4.709" errors="0" timestamp="2024-02-18T10:26:17 IST" skipped="0">
  <testcase classname="schemavalidation.SchemaValidation" name="getUserSchemaValidation" time="4.709"/>
</testsuite> <!-- schemavalidation.SchemaValidation -->
