<?xml version="1.0" encoding="UTF-8"?>
<!-- Generated by org.testng.reporters.JUnitReportReporter -->
<testsuite hostname="DESKTOP-4K2IFQ7" failures="0" tests="1" name="PUTAPIs.UpdateUser" time="6.343" errors="0" timestamp="2024-02-16T18:26:16 IST" skipped="0">
  <testcase classname="PUTAPIs.UpdateUser" name="updateuser" time="6.343"/>
</testsuite> <!-- PUTAPIs.UpdateUser -->
