<?xml version="1.0" encoding="UTF-8"?>
<!-- Generated by org.testng.reporters.JUnitReportReporter -->
<testsuite hostname="DESKTOP-4K2IFQ7" failures="0" tests="1" name="DeleteAPIs.DeleteUser" time="7.850" errors="0" timestamp="2024-02-16T18:46:04 IST" skipped="0">
  <testcase classname="DeleteAPIs.DeleteUser" name="deleteuser" time="7.850"/>
</testsuite> <!-- DeleteAPIs.DeleteUser -->
