<?xml version="1.0" encoding="UTF-8"?>
<!-- Generated by org.testng.reporters.JUnitReportReporter -->
<testsuite hostname="DESKTOP-4K2IFQ7" failures="0" tests="1" name="POSTAPICalls.CreateUserTest" time="5.980" errors="0" timestamp="2024-02-08T19:06:37 IST" skipped="0">
  <testcase classname="POSTAPICalls.CreateUserTest" name="create_user" time="5.980"/>
</testsuite> <!-- POSTAPICalls.CreateUserTest -->
