<?xml version="1.0" encoding="UTF-8"?>
<!-- Generated by org.testng.reporters.JUnitReportReporter -->
<testsuite hostname="DESKTOP-4K2IFQ7" failures="0" tests="1" name="JsonPathValidationTest.JsonPathTest" time="3.685" errors="0" timestamp="2024-02-10T17:16:37 IST" skipped="0">
  <testcase classname="JsonPathValidationTest.JsonPathTest" name="getJeweleryTitleAndPrice" time="3.685"/>
</testsuite> <!-- JsonPathValidationTest.JsonPathTest -->
