<?xml version="1.0" encoding="UTF-8"?>
<!-- Generated by org.testng.reporters.JUnitReportReporter -->
<testsuite hostname="DESKTOP-4K2IFQ7" failures="0" tests="1" name="com.pet.api.PetAPITest" time="6.305" errors="0" timestamp="2024-02-14T18:51:17 IST" skipped="0">
  <testcase classname="com.pet.api.PetAPITest" name="createPETAPITest" time="6.305"/>
</testsuite> <!-- com.pet.api.PetAPITest -->
