<?xml version="1.0" encoding="UTF-8"?>
<!-- Generated by org.testng.reporters.JUnitReportReporter -->
<testsuite hostname="DESKTOP-4K2IFQ7" failures="0" tests="1" name="POSTAPICalls.BookingAuthTest" time="6.001" errors="0" timestamp="2024-02-09T18:51:44 IST" skipped="0">
  <testcase classname="POSTAPICalls.BookingAuthTest" name="post_req_BookingAuthTokenTest" time="6.001"/>
</testsuite> <!-- POSTAPICalls.BookingAuthTest -->
