<?xml version="1.0" encoding="UTF-8"?>
<!-- Generated by org.testng.reporters.JUnitReportReporter -->
<testsuite hostname="DESKTOP-4K2IFQ7" failures="0" tests="1" name="specificationbuilder.CombiningRequestAndResponseRequest" time="4.825" errors="0" timestamp="2024-02-06T10:24:26 IST" skipped="0">
  <testcase classname="specificationbuilder.CombiningRequestAndResponseRequest" name="get_user_request" time="4.825"/>
</testsuite> <!-- specificationbuilder.CombiningRequestAndResponseRequest -->
