<?xml version="1.0" encoding="UTF-8"?>
<!-- Generated by org.testng.reporters.JUnitReportReporter -->
<testsuite hostname="DESKTOP-4K2IFQ7" failures="0" tests="1" name="POSTAPICalls.CreateUserTestWithPoJoTest" time="7.062" errors="0" timestamp="2024-02-09T19:14:32 IST" skipped="0">
  <testcase classname="POSTAPICalls.CreateUserTestWithPoJoTest" name="create_user" time="7.062"/>
</testsuite> <!-- POSTAPICalls.CreateUserTestWithPoJoTest -->
